<?xml version="1.0" encoding="UTF-8"?>
<testsuite name="SingletonTest" tests="1" skipped="0" failures="0" errors="0" timestamp="2019-08-09T17:47:28" hostname="rodrigos01-mac" time="0.005">
  <properties/>
  <testcase name="shouldReuseSameInstance" classname="SingletonTest" time="0.005"/>
  <system-out><![CDATA[]]></system-out>
  <system-err><![CDATA[]]></system-err>
</testsuite>
